# JRE version: Java(TM) SE Runtime Environment (8.0_91-b14) (build 1.8.0_91-b14)
# Java VM: Java HotSpot(TM) Client VM (25.91-b14 mixed mode windows-x86 )
Heap:
 def new generation   total 9728K, used 8040K [0x04e00000, 0x05880000, 0x0a350000)
  eden space 8704K,  91% used [0x04e00000, 0x055be5a0, 0x05680000)
  from space 1024K,  10% used [0x05680000, 0x0569bc08, 0x05780000)
  to   space 1024K,   0% used [0x05780000, 0x05780000, 0x05880000)
 tenured generation   total 23892K, used 22239K [0x0a350000, 0x0baa5000, 0x14e00000)
   the space 23892K,  93% used [0x0a350000, 0x0b907dc0, 0x0b907e00, 0x0baa5000)
 Metaspace       used 11041K, capacity 11223K, committed 11264K, reserved 11648K
GC Heap History (10 events):
Event: 5.771 GC heap after
Heap after GC invocations=41 (full 2):
 def new generation   total 9728K, used 1023K [0x04e00000, 0x05880000, 0x0a350000)
  eden space 8704K,   0% used [0x04e00000, 0x04e00000, 0x05680000)
  from space 1024K,  99% used [0x05780000, 0x0587ffe8, 0x05880000)
  to   space 1024K,   0% used [0x05680000, 0x05680000, 0x05780000)
 tenured generation   total 21448K, used 14993K [0x0a350000, 0x0b842000, 0x14e00000)
   the space 21448K,  69% used [0x0a350000, 0x0b1f4710, 0x0b1f4800, 0x0b842000)
 Metaspace       used 9671K, capacity 9853K, committed 9984K, reserved 10624K
}
Event: 5.904 GC heap before
{Heap before GC invocations=41 (full 2):
 def new generation   total 9728K, used 9727K [0x04e00000, 0x05880000, 0x0a350000)
  eden space 8704K, 100% used [0x04e00000, 0x05680000, 0x05680000)
  from space 1024K,  99% used [0x05780000, 0x0587ffe8, 0x05880000)
  to   space 1024K,   0% used [0x05680000, 0x05680000, 0x05780000)
 tenured generation   total 21448K, used 14993K [0x0a350000, 0x0b842000, 0x14e00000)
   the space 21448K,  69% used [0x0a350000, 0x0b1f4710, 0x0b1f4800, 0x0b842000)
 Metaspace       used 9973K, capacity 10143K, committed 10240K, reserved 10624K
Event: 5.908 GC heap after
Heap after GC invocations=42 (full 2):
 def new generation   total 9728K, used 756K [0x04e00000, 0x05880000, 0x0a350000)
  eden space 8704K,   0% used [0x04e00000, 0x04e00000, 0x05680000)
  from space 1024K,  73% used [0x05680000, 0x0573d038, 0x05780000)
  to   space 1024K,   0% used [0x05780000, 0x05780000, 0x05880000)
 tenured generation   total 21448K, used 15461K [0x0a350000, 0x0b842000, 0x14e00000)
   the space 21448K,  72% used [0x0a350000, 0x0b2695d0, 0x0b269600, 0x0b842000)
 Metaspace       used 9973K, capacity 10143K, committed 10240K, reserved 10624K
}
Event: 6.120 GC heap before
{Heap before GC invocations=42 (full 2):
 def new generation   total 9728K, used 9460K [0x04e00000, 0x05880000, 0x0a350000)
  eden space 8704K, 100% used [0x04e00000, 0x05680000, 0x05680000)
  from space 1024K,  73% used [0x05680000, 0x0573d038, 0x05780000)
  to   space 1024K,   0% used [0x05780000, 0x05780000, 0x05880000)
 tenured generation   total 21448K, used 15461K [0x0a350000, 0x0b842000, 0x14e00000)
   the space 21448K,  72% used [0x0a350000, 0x0b2695d0, 0x0b269600, 0x0b842000)
 Metaspace       used 10008K, capacity 10186K, committed 10240K, reserved 10624K
Event: 6.124 GC heap after
Heap after GC invocations=43 (full 2):
 def new generation   total 9728K, used 739K [0x04e00000, 0x05880000, 0x0a350000)
  eden space 8704K,   0% used [0x04e00000, 0x04e00000, 0x05680000)
  from space 1024K,  72% used [0x05780000, 0x05838e70, 0x05880000)
  to   space 1024K,   0% used [0x05680000, 0x05680000, 0x05780000)
 tenured generation   total 21448K, used 15954K [0x0a350000, 0x0b842000, 0x14e00000)
   the space 21448K,  74% used [0x0a350000, 0x0b2e4ba8, 0x0b2e4c00, 0x0b842000)
 Metaspace       used 10008K, capacity 10186K, committed 10240K, reserved 10624K
}
Event: 6.284 GC heap before
{Heap before GC invocations=43 (full 2):
 def new generation   total 9728K, used 9443K [0x04e00000, 0x05880000, 0x0a350000)
  eden space 8704K, 100% used [0x04e00000, 0x05680000, 0x05680000)
  from space 1024K,  72% used [0x05780000, 0x05838e70, 0x05880000)
  to   space 1024K,   0% used [0x05680000, 0x05680000, 0x05780000)
 tenured generation   total 21448K, used 15954K [0x0a350000, 0x0b842000, 0x14e00000)
   the space 21448K,  74% used [0x0a350000, 0x0b2e4ba8, 0x0b2e4c00, 0x0b842000)
 Metaspace       used 10768K, capacity 10967K, committed 11008K, reserved 11648K
Event: 6.289 GC heap after
Heap after GC invocations=44 (full 2):
 def new generation   total 9728K, used 1024K [0x04e00000, 0x05880000, 0x0a350000)
  eden space 8704K,   0% used [0x04e00000, 0x04e00000, 0x05680000)
  from space 1024K, 100% used [0x05680000, 0x05780000, 0x05780000)
  to   space 1024K,   0% used [0x05780000, 0x05780000, 0x05880000)
 tenured generation   total 21448K, used 16785K [0x0a350000, 0x0b842000, 0x14e00000)
   the space 21448K,  78% used [0x0a350000, 0x0b3b44c8, 0x0b3b4600, 0x0b842000)
 Metaspace       used 10768K, capacity 10967K, committed 11008K, reserved 11648K
}
Event: 6.502 GC heap before
{Heap before GC invocations=44 (full 2):
 def new generation   total 9728K, used 9392K [0x04e00000, 0x05880000, 0x0a350000)
  eden space 8704K,  96% used [0x04e00000, 0x0562c1f8, 0x05680000)
  from space 1024K, 100% used [0x05680000, 0x05780000, 0x05780000)
  to   space 1024K,   0% used [0x05780000, 0x05780000, 0x05880000)
 tenured generation   total 21448K, used 16785K [0x0a350000, 0x0b842000, 0x14e00000)
   the space 21448K,  78% used [0x0a350000, 0x0b3b44c8, 0x0b3b4600, 0x0b842000)
 Metaspace       used 10990K, capacity 11191K, committed 11264K, reserved 11648K
Event: 6.561 GC heap after
Heap after GC invocations=45 (full 3):
 def new generation   total 9728K, used 0K [0x04e00000, 0x05880000, 0x0a350000)
  eden space 8704K,   0% used [0x04e00000, 0x04e00000, 0x05680000)
  from space 1024K,   0% used [0x05780000, 0x05780000, 0x05880000)
  to   space 1024K,   0% used [0x05680000, 0x05680000, 0x05780000)
 tenured generation   total 23892K, used 22239K [0x0a350000, 0x0baa5000, 0x14e00000)
   the space 23892K,  93% used [0x0a350000, 0x0b907dc0, 0x0b907e00, 0x0baa5000)
 Metaspace       used 10990K, capacity 11191K, committed 11264K, reserved 11648K
}
Event: 6.576 GC heap before
{Heap before GC invocations=45 (full 3):
 def new generation   total 9728K, used 7929K [0x04e00000, 0x05880000, 0x0a350000)
  eden space 8704K,  91% used [0x04e00000, 0x055be5a0, 0x05680000)
  from space 1024K,   0% used [0x05780000, 0x05780000, 0x05880000)
  to   space 1024K,   0% used [0x05680000, 0x05680000, 0x05780000)
 tenured generation   total 23892K, used 22239K [0x0a350000, 0x0baa5000, 0x14e00000)
   the space 23892K,  93% used [0x0a350000, 0x0b907dc0, 0x0b907e00, 0x0baa5000)
 Metaspace       used 11041K, capacity 11223K, committed 11264K, reserved 11648K

